2025-08-13T00:00:54.068356 - login
2025-08-13T00:00:56.142120 - seeds_list
2025-08-13T00:00:56.142120 - seeds_list returned
2025-08-13T00:01:21.643625 - feedback
2025-08-13T00:01:36.541030 - login
2025-08-13T00:01:40.819747 - login
2025-08-13T00:01:52.326451 - login
2025-08-13T00:01:54.426920 - seeds_list
2025-08-13T00:01:54.431933 - seeds_list returned
2025-08-13T00:10:13.796014 - login
2025-08-13T00:10:33.003581 - login
2025-08-13T00:10:35.122482 - seeds_list
2025-08-13T00:10:35.128449 - seeds_list returned
2025-08-13T00:10:49.655882 - login
2025-08-13T00:10:51.737655 - seeds_list
2025-08-13T00:10:51.737655 - seeds_list returned
2025-08-13T00:12:25.645018 - login
2025-08-13T00:12:27.738913 - seeds_list
2025-08-13T00:12:27.766649 - seeds_list returned
2025-08-13T00:13:15.639348 - login
2025-08-13T00:13:21.067763 - login
2025-08-13T00:13:23.165772 - seeds_list
2025-08-13T00:13:23.165772 - seeds_list returned
2025-08-13T00:27:21.169604 - login
2025-08-13T00:27:23.273665 - seeds_list
2025-08-13T00:27:23.275174 - seeds_list returned
2025-08-13T00:27:44.736878 - login
2025-08-13T00:27:46.806397 - seeds_list
2025-08-13T00:27:46.806397 - seeds_list returned
2025-08-13T00:35:58.182173 - login
2025-08-13T00:36:00.252134 - seeds_list
2025-08-13T00:36:00.254133 - seeds_list returned
2025-08-13T00:51:53.507500 - login
2025-08-13T00:51:55.578254 - seeds_list
2025-08-13T00:51:55.578254 - seeds_list returned
2025-08-13T00:52:07.566289 - login
2025-08-13T00:52:09.647858 - seeds_list
2025-08-13T00:52:09.651569 - seeds_list returned
2025-08-13T00:52:13.927032 - seeds_list
2025-08-13T00:52:13.936575 - seeds_list returned
2025-08-13T00:52:19.908351 - login
2025-08-13T00:52:35.621152 - register
2025-08-13T00:52:49.324612 - login
2025-08-13T00:52:51.427117 - seeds_list
2025-08-13T00:52:51.427117 - seeds_list returned
2025-08-13T00:56:18.286545 - login
2025-08-13T00:56:20.352529 - seeds_list
2025-08-13T00:56:20.352529 - seeds_list returned
2025-08-13T00:56:38.286722 - login
2025-08-13T00:56:40.364357 - seeds_list
2025-08-13T00:56:40.364357 - seeds_list returned
2025-08-13T01:11:45.867988 - login
2025-08-13T01:11:47.935060 - seeds_list
2025-08-13T01:11:47.935060 - seeds_list returned
2025-08-13T08:26:40.783870 - login
2025-08-13T08:26:42.915276 - seeds_list
2025-08-13T08:26:42.920093 - seeds_list returned
2025-08-13T08:26:59.748006 - login
2025-08-13T08:27:01.872911 - seeds_list
2025-08-13T08:27:01.876450 - seeds_list returned
2025-08-13T08:32:32.315717 - login
2025-08-13T08:32:34.444020 - seeds_list
2025-08-13T08:34:17.333293 - login
2025-08-13T08:34:19.430270 - seeds_list
2025-08-13T08:34:19.476983 - seeds_list returned
2025-08-13T08:34:38.510040 - login
2025-08-13T08:37:47.302625 - login
2025-08-13T08:38:24.053224 - register
2025-08-13T08:38:33.561432 - login
2025-08-13T08:38:35.689635 - seeds_list
2025-08-13T08:38:35.692263 - seeds_list returned
2025-08-13T09:23:41.271505 - login
2025-08-13T09:23:43.413275 - seeds_list
2025-08-13T09:23:43.415815 - seeds_list returned
2025-08-13T09:24:00.825964 - login
2025-08-13T09:24:02.973713 - seeds_list
2025-08-13T09:24:02.976292 - seeds_list returned
2025-08-13T09:24:33.274086 - login
2025-08-13T09:24:35.407800 - seeds_list
2025-08-13T09:24:35.411230 - seeds_list returned
2025-08-13T09:30:16.811026 - register
2025-08-19T13:38:27.053731 - login
2025-08-19T13:38:29.167304 - seeds_list
2025-08-19T13:38:29.169623 - seeds_list returned
2025-08-19T13:38:40.611885 - seeds_list
2025-08-19T13:38:40.618167 - seeds_list returned
2025-08-19T13:38:46.555748 - seeds_list
2025-08-19T13:38:46.561144 - seeds_list returned
2025-08-19T13:59:18.341065 - login
2025-08-19T13:59:20.448206 - seeds_list
2025-08-19T13:59:20.450220 - seeds_list returned
2025-08-19T13:59:41.283334 - feedback
2025-08-19T13:59:54.239862 - login
2025-08-19T13:59:56.353135 - seeds_list
2025-08-19T13:59:56.355680 - seeds_list returned
2025-08-19T13:59:58.466780 - feedbacks_list
2025-08-19T14:00:11.839405 - seeds_list
2025-08-19T14:00:11.841926 - seeds_list returned
2025-08-19T14:00:16.529088 - feedbacks_list
2025-08-19T14:00:44.015861 - register
2025-08-19T14:00:58.003511 - login
2025-08-19T14:01:00.137609 - seeds_list
2025-08-19T14:01:00.143828 - seeds_list returned
2025-08-19T14:01:19.106800 - feedback
2025-08-19T14:01:31.859566 - login
2025-08-19T14:01:33.952809 - seeds_list
2025-08-19T14:01:33.952809 - seeds_list returned
2025-08-19T14:01:37.699588 - feedbacks_list
2025-08-19T14:22:16.913120 - login
2025-08-19T14:22:19.057094 - seeds_list
2025-08-19T14:22:19.062610 - seeds_list returned
2025-08-19T14:22:32.622093 - feedback
2025-08-19T14:22:45.174812 - login
2025-08-19T14:22:47.302635 - seeds_list
2025-08-19T14:22:47.302635 - seeds_list returned
2025-08-19T14:22:50.365288 - feedbacks_list
2025-08-19T14:24:43.363789 - login
2025-08-19T14:24:45.473391 - seeds_list
2025-08-19T14:24:45.473391 - seeds_list returned
2025-08-19T14:24:48.289963 - feedbacks_list
